Change Component Description : Designator=R8 Old Description=Res Thick Film 0402 22K Ohm 1% 1/16W 100ppm/C Molded SMD Paper T/R New Description=RES SMD 22K OHM 1% 1/16W 0402
Change Component Description : Designator=R9 Old Description=Res Thick Film 0402 22K Ohm 1% 1/16W 100ppm/C Molded SMD Paper T/R New Description=RES SMD 22K OHM 1% 1/16W 0402
Change Component Description : Designator=R3 Old Description=VISHAY - CRCW080513K3FKEA - RES, THICK FILM, 13K3, 1%, 0.125W, 0805, REEL New Description=RES SMD 13.3K OHM 1% 1/8W 0805
Change Component Description : Designator=R4 Old Description=VISHAY         CRCW080541K2FKEA             RES, THICK FILM, 41K2, 1%, 0.125W, 0805 New Description=RES SMD 41.2K OHM 1% 1/8W 0805
Change Component Library : Designator=R1 Old Library=Honey_Badger.SchLib New Library=Super_Hornet.SchLib
Change Component Library : Designator=R2 Old Library=Honey_Badger.SchLib New Library=Super_Hornet.SchLib
Change Component Library : Designator=R3 Old Library=Honey_Badger.SchLib New Library=Super_Hornet.SchLib
Change Component Library : Designator=R4 Old Library=Honey_Badger.SchLib New Library=Super_Hornet.SchLib
Change Component Library : Designator=R5 Old Library=Honey_Badger.SchLib New Library=Super_Hornet.SchLib
Change Component Library : Designator=R6 Old Library=Honey_Badger.SchLib New Library=Super_Hornet.SchLib
Change Component Library : Designator=R7 Old Library=Honey_Badger.SchLib New Library=Super_Hornet.SchLib
Change Component Library : Designator=R8 Old Library=Honey_Badger.SchLib New Library=Super_Hornet.SchLib
Change Component Library : Designator=R9 Old Library=Honey_Badger.SchLib New Library=Super_Hornet.SchLib
Change Component Library : Designator=R10 Old Library=Honey_Badger.SchLib New Library=Super_Hornet.SchLib
Change Component Library : Designator=R11 Old Library=Honey_Badger.SchLib New Library=Super_Hornet.SchLib
Change Component Library : Designator=R15 Old Library=Honey_Badger.SchLib New Library=Super_Hornet.SchLib
Change Component Library : Designator=R17 Old Library=Honey_Badger.SchLib New Library=Super_Hornet.SchLib
Change Component Library : Designator=R27 Old Library=Honey_Badger.SchLib New Library=Super_Hornet.SchLib
Change Component Library : Designator=R28 Old Library=Honey_Badger.SchLib New Library=Super_Hornet.SchLib
Change Component Library : Designator=R44 Old Library=Honey_Badger.SchLib New Library=Super_Hornet.SchLib
Change Component Library : Designator=R53 Old Library=Honey_Badger.SchLib New Library=Super_Hornet.SchLib
Change Component Library : Designator=R54 Old Library=Honey_Badger.SchLib New Library=Super_Hornet.SchLib
Change Component Library : Designator=R57 Old Library=Honey_Badger.SchLib New Library=Super_Hornet.SchLib
Added Pin To Net: NetName=EN1 Pin=R1-1
Added Pin To Net: NetName=1V35 Pin=R1-2
Added Pin To Net: NetName=SS12 Pin=R2-1
Added Pin To Net: NetName=VREG Pin=R2-2
Added Pin To Net: NetName=NetC1_2 Pin=R3-1
Added Pin To Net: NetName=GND Pin=R3-2
Added Pin To Net: NetName=NetC1_2 Pin=R4-1
Added Pin To Net: NetName=NetC1_1 Pin=R4-2
Added Pin To Net: NetName=GND Pin=R5-1
Added Pin To Net: NetName=EN1 Pin=R5-2
Added Pin To Net: NetName=GND Pin=R6-1
Added Pin To Net: NetName=SS12 Pin=R6-2
Added Pin To Net: NetName=GND Pin=R7-1
Added Pin To Net: NetName=NetC4_2 Pin=R7-2
Added Pin To Net: NetName=GND Pin=R8-1
Added Pin To Net: NetName=NetQ1_2 Pin=R8-2
Added Pin To Net: NetName=NetR9_3 Pin=R9-1
Added Pin To Net: NetName=GND Pin=R9-2
Added Pin To Net: NetName=SS34 Pin=R10-1
Added Pin To Net: NetName=VREG Pin=R10-2
Added Pin To Net: NetName=EN4 Pin=R11-1
Added Pin To Net: NetName=1V8 Pin=R11-2
Added Pin To Net: NetName=GND Pin=R15-1
Added Pin To Net: NetName=EN4 Pin=R15-2
Added Pin To Net: NetName=GND Pin=R17-1
Added Pin To Net: NetName=EN3 Pin=R17-2
Added Pin To Net: NetName=NetR27_3 Pin=R27-1
Added Pin To Net: NetName=VCC_5V Pin=R27-2
Added Pin To Net: NetName=NetR27_3 Pin=R28-1
Added Pin To Net: NetName=GND Pin=R28-2
Added Pin To Net: NetName=+VCC_5V Pin=R44-1
Added Pin To Net: NetName=NetR44_4 Pin=R44-2
Added Pin To Net: NetName=GND Pin=R53-1
Added Pin To Net: NetName=NetC44_1 Pin=R53-2
Added Pin To Net: NetName=GND Pin=R54-1
Added Pin To Net: NetName=NetC45_1 Pin=R54-2
Added Pin To Net: NetName=NetR57_3 Pin=R57-1
Added Pin To Net: NetName=GND Pin=R57-2
Change Net Name : Old Net Name=NetR9_3 New Net Name=NetR9_1
Change Net Name : Old Net Name=NetR27_3 New Net Name=NetR27_1
Change Net Name : Old Net Name=NetR44_4 New Net Name=NetR44_2
Change Net Name : Old Net Name=NetR57_3 New Net Name=NetR57_1
